<?xml version="1.0" encoding="UTF-8"?>
<testsuite xmlns:xsi="http://www.w3.org/2001/XMLSchema-instance" xsi:schemaLocation="https://maven.apache.org/surefire/maven-surefire-plugin/xsd/surefire-test-report.xsd" name="main.CucumberRunner" time="16.009" tests="6" errors="0" skipped="0" failures="0">
  <properties>
    <property name="java.runtime.name" value="Java(TM) SE Runtime Environment"/>
    <property name="sun.boot.library.path" value="C:\Program Files\Java\jdk1.8.0_181\jre\bin"/>
    <property name="java.vm.version" value="25.181-b13"/>
    <property name="java.vm.vendor" value="Oracle Corporation"/>
    <property name="maven.multiModuleProjectDirectory" value="C:/BigW/projects/SamplePOC/ebay"/>
    <property name="java.vendor.url" value="http://java.oracle.com/"/>
    <property name="path.separator" value=";"/>
    <property name="guice.disable.misplaced.annotation.check" value="true"/>
    <property name="java.vm.name" value="Java HotSpot(TM) 64-Bit Server VM"/>
    <property name="file.encoding.pkg" value="sun.io"/>
    <property name="user.script" value=""/>
    <property name="user.country" value="AU"/>
    <property name="sun.java.launcher" value="SUN_STANDARD"/>
    <property name="sun.os.patch.level" value=""/>
    <property name="test" value="SomePatternThatDontMatchAnything"/>
    <property name="java.vm.specification.name" value="Java Virtual Machine Specification"/>
    <property name="user.dir" value="C:\BigW\projects\SamplePOC\ebay"/>
    <property name="java.runtime.version" value="1.8.0_181-b13"/>
    <property name="java.awt.graphicsenv" value="sun.awt.Win32GraphicsEnvironment"/>
    <property name="java.endorsed.dirs" value="C:\Program Files\Java\jdk1.8.0_181\jre\lib\endorsed"/>
    <property name="os.arch" value="amd64"/>
    <property name="java.io.tmpdir" value="C:\Users\nypd1\AppData\Local\Temp\"/>
    <property name="line.separator" value="&#10;"/>
    <property name="java.vm.specification.vendor" value="Oracle Corporation"/>
    <property name="user.variant" value=""/>
    <property name="os.name" value="Windows 10"/>
    <property name="classworlds.conf" value="C:/apache-maven-3.5.2/bin/m2.conf"/>
    <property name="sun.jnu.encoding" value="Cp1252"/>
    <property name="java.library.path" value="C:\Program Files\Java\jdk1.8.0_181\bin;C:\Windows\Sun\Java\bin;C:\Windows\system32;C:\Windows;C:\Users\nypd1\bin;C:\Users\nypd1\AppData\Local\Programs\Git\mingw64\bin;C:\Users\nypd1\AppData\Local\Programs\Git\usr\local\bin;C:\Users\nypd1\AppData\Local\Programs\Git\usr\bin;C:\Users\nypd1\AppData\Local\Programs\Git\usr\bin;C:\Users\nypd1\AppData\Local\Programs\Git\mingw64\bin;C:\Users\nypd1\AppData\Local\Programs\Git\usr\bin;C:\Users\nypd1\bin;C:\Program Files (x86)\Common Files\Oracle\Java\javapath;C:\Windows\system32;C:\Windows;C:\Windows\System32\Wbem;C:\Windows\System32\WindowsPowerShell\v1.0;C:\Windows\System32\OpenSSH;C:\Program Files\Intel\WiFi\bin;C:\Program Files\Common Files\Intel\WirelessCommon;C:\Program Files\nodejs;C:\Program Files\TortoiseGit\bin;C:\Program Files\Java\jdk1.8.0_181\bin;C:\apache-maven-3.5.2\bin;C:\Program Files (x86)\GitExtensions;C:\Users\nypd1\AppData\Local\Microsoft\WindowsApps;C:\Users\nypd1\AppData\Local\Programs\Git\cmd;C:\Users\nypd1\AppData\Local\GitHubDesktop\bin;C:\Users\nypd1\AppData\Roaming\npm;C:\Users\nypd1\AppData\Local\Programs\Git\usr\bin\vendor_perl;C:\Users\nypd1\AppData\Local\Programs\Git\usr\bin\core_perl;."/>
    <property name="jansi.passthrough" value="true"/>
    <property name="maven.conf" value="C:/apache-maven-3.5.2/conf"/>
    <property name="java.specification.name" value="Java Platform API Specification"/>
    <property name="java.class.version" value="52.0"/>
    <property name="sun.management.compiler" value="HotSpot 64-Bit Tiered Compilers"/>
    <property name="os.version" value="10.0"/>
    <property name="library.jansi.path" value="C:/apache-maven-3.5.2/lib/jansi-native"/>
    <property name="user.home" value="C:\Users\nypd1"/>
    <property name="user.timezone" value="Australia/Sydney"/>
    <property name="java.awt.printerjob" value="sun.awt.windows.WPrinterJob"/>
    <property name="java.specification.version" value="1.8"/>
    <property name="file.encoding" value="Cp1252"/>
    <property name="user.name" value="nypd1"/>
    <property name="java.class.path" value="C:/apache-maven-3.5.2/boot/plexus-classworlds-2.5.2.jar"/>
    <property name="failIfNoTests" value="false"/>
    <property name="java.vm.specification.version" value="1.8"/>
    <property name="sun.arch.data.model" value="64"/>
    <property name="java.home" value="C:\Program Files\Java\jdk1.8.0_181\jre"/>
    <property name="sun.java.command" value="org.codehaus.plexus.classworlds.launcher.Launcher -Dtest=SomePatternThatDontMatchAnything -DfailIfNoTests=false verify"/>
    <property name="java.specification.vendor" value="Oracle Corporation"/>
    <property name="user.language" value="en"/>
    <property name="awt.toolkit" value="sun.awt.windows.WToolkit"/>
    <property name="java.vm.info" value="mixed mode"/>
    <property name="java.version" value="1.8.0_181"/>
    <property name="java.ext.dirs" value="C:\Program Files\Java\jdk1.8.0_181\jre\lib\ext;C:\Windows\Sun\Java\lib\ext"/>
    <property name="sun.boot.class.path" value="C:\Program Files\Java\jdk1.8.0_181\jre\lib\resources.jar;C:\Program Files\Java\jdk1.8.0_181\jre\lib\rt.jar;C:\Program Files\Java\jdk1.8.0_181\jre\lib\sunrsasign.jar;C:\Program Files\Java\jdk1.8.0_181\jre\lib\jsse.jar;C:\Program Files\Java\jdk1.8.0_181\jre\lib\jce.jar;C:\Program Files\Java\jdk1.8.0_181\jre\lib\charsets.jar;C:\Program Files\Java\jdk1.8.0_181\jre\lib\jfr.jar;C:\Program Files\Java\jdk1.8.0_181\jre\classes"/>
    <property name="java.vendor" value="Oracle Corporation"/>
    <property name="maven.home" value="C:\apache-maven-3.5.2"/>
    <property name="file.separator" value="\"/>
    <property name="java.vendor.url.bug" value="http://bugreport.sun.com/bugreport/"/>
    <property name="sun.cpu.endian" value="little"/>
    <property name="sun.io.unicode.encoding" value="UnicodeLittle"/>
    <property name="sun.desktop" value="windows"/>
    <property name="sun.cpu.isalist" value="amd64"/>
  </properties>
  <testcase name="Given I enter test case &quot;UI_TC_01&quot; to execute scenario &quot;Search and select the product&quot; test" classname="| UI_TC_01 | Search and select the product | Coles Little Shop 2 Mini collectables |" time="0.001"/>
  <testcase name="When I navigate to Ebay website" classname="| UI_TC_01 | Search and select the product | Coles Little Shop 2 Mini collectables |" time="0"/>
  <testcase name="And I enter the &quot;Coles Little Shop 2 Mini collectables&quot; and search the product" classname="| UI_TC_01 | Search and select the product | Coles Little Shop 2 Mini collectables |" time="0"/>
  <testcase name="And I Select the product from product list page" classname="| UI_TC_01 | Search and select the product | Coles Little Shop 2 Mini collectables |" time="0"/>
  <testcase name="Then I see product purchase page" classname="| UI_TC_01 | Search and select the product | Coles Little Shop 2 Mini collectables |" time="0"/>
  <testcase name="| UI_TC_01 | Search and select the product | Coles Little Shop 2 Mini collectables |" classname="| UI_TC_01 | Search and select the product | Coles Little Shop 2 Mini collectables |" time="1.964"/>
</testsuite>